<?xml version="1.0" encoding="UTF-8" ?>
<testsuite tests="17" failures="1" name="com.training.epam.ticketservice.at.TestExecutor" time="120.032" errors="0" skipped="0">
  <properties>
[...]
</properties>
  <testcase classname="allow creating accounts and logging in" name="the admin account exists by default and can be logged in with the correct password" time="7.262"/>
  <testcase classname="allow creating accounts and logging in" name="the admin account can be signed out" time="6.477"/>
  <testcase classname="allow creating accounts and logging in" name="the admin account can not be logged in with incorrect password" time="6.282"/>
  <testcase classname="allows creating movie descriptions" name="an admin user can create and list movies" time="6.547"/>
  <testcase classname="allows creating movie descriptions" name="an admin user can update a movie" time="6.726"/>
  <testcase classname="allows creating movie descriptions" name="an admin user can delete a movie" time="6.323"/>
  <testcase classname="allows creating movie descriptions" name="an unauthenticated user can list movies" time="6.412"/>
  <testcase classname="allow creating, reading, updating and deleting rooms where the screenings will happen" name="an admin user can create and list rooms" time="7.152"/>
  <testcase classname="allow creating, reading, updating and deleting rooms where the screenings will happen" name="an admin user can update a room" time="6.497"/>
  <testcase classname="allow creating, reading, updating and deleting rooms where the screenings will happen" name="an admin user can delete a room" time="6.254"/>
  <testcase classname="allow creating, reading, updating and deleting rooms where the screenings will happen" name="an unauthenticated user can list rooms" time="6.302"/>
  <testcase classname="allows creating, deleting and listing screenings" name="The admin user can create and query screenings" time="7.565"/>
  <testcase classname="allows creating, deleting and listing screenings" name="The admin can not create overlapping screenings in the same room" time="9.998"/>
  <testcase classname="allows creating, deleting and listing screenings" name="The admin can create overlapping screenings in different rooms" time="7.676"/>
  <testcase classname="allows creating, deleting and listing screenings" name="The admin can not create screenings during a 10 minute long breaks after another screening in the same room" time="7.338">
    <failure message="
Expected: &quot;This would start in the break period after another screening in this room&quot;
     but: was &quot;Screening created&quot;" type="java.lang.AssertionError">java.lang.AssertionError: 
Expected: &quot;This would start in the break period after another screening in this room&quot;
     but: was &quot;Screening created&quot;
	at org.hamcrest.MatcherAssert.assertThat(MatcherAssert.java:20)
	at org.hamcrest.MatcherAssert.assertThat(MatcherAssert.java:8)
	at com.training.epam.ticketservice.at.GenericCliProcessStepDefs.theNextLineOfOutputContains(GenericCliProcessStepDefs.java:43)
	at ✽.the next line of the output is &quot;This would start in the break period after another screening in this room&quot;(file:///C:/Users/flori/OneDrive/Documents/GitHub/java_final/final/ticket-service-acceptance-tests/src/test/resources/features/screenings.feature:44)
</failure>
  </testcase>
  <testcase classname="allows creating, deleting and listing screenings" name="The admin can create screenings even if there is a break after a screening in a different room" time="7.61"/>
  <testcase classname="allows creating, deleting and listing screenings" name="The admin user can delete screenings" time="7.611"/>
</testsuite>